<?xml version="1.0" encoding="UTF-8"?>
<testng-results ignored="0" total="1" passed="1" failed="0" skipped="0">
  <reporter-output>
  </reporter-output>
  <suite started-at="2026-04-15T12:10:36 IST" name="KeywordFramework" finished-at="2026-04-15T12:10:43 IST" duration-ms="7927">
    <groups>
    </groups>
    <test started-at="2026-04-15T12:10:36 IST" name="LandingPageTest" finished-at="2026-04-15T12:10:43 IST" duration-ms="7927">
      <class name="testcase.LandingPageTest">
        <test-method is-config="true" signature="init()[pri:0, instance:testcase.LandingPageTest@41e36e46]" started-at="2026-04-15T12:10:36 IST" name="init" finished-at="2026-04-15T12:10:39 IST" duration-ms="3588" status="PASS">
          <reporter-output>
          </reporter-output>
        </test-method> <!-- init -->
        <test-method signature="executeKeywords()[pri:0, instance:testcase.LandingPageTest@41e36e46]" started-at="2026-04-15T12:10:39 IST" name="executeKeywords" finished-at="2026-04-15T12:10:40 IST" duration-ms="1072" status="PASS">
          <reporter-output>
          </reporter-output>
        </test-method> <!-- executeKeywords -->
        <test-method is-config="true" signature="close()[pri:0, instance:testcase.LandingPageTest@41e36e46]" started-at="2026-04-15T12:10:40 IST" name="close" finished-at="2026-04-15T12:10:43 IST" duration-ms="3225" status="PASS">
          <reporter-output>
          </reporter-output>
        </test-method> <!-- close -->
      </class> <!-- testcase.LandingPageTest -->
    </test> <!-- LandingPageTest -->
  </suite> <!-- KeywordFramework -->
</testng-results>
